avr. 07, 2016 2:25:11 PM org.apache.catalina.startup.VersionLoggerListener log
INFOS: Server version:        Apache Tomcat (TomEE)/7.0.63 (1.7.3)
avr. 07, 2016 2:25:11 PM org.apache.catalina.startup.VersionLoggerListener log
INFOS: Server built:          Jun 30 2015 08:08:33 UTC
avr. 07, 2016 2:25:11 PM org.apache.catalina.startup.VersionLoggerListener log
INFOS: Server number:         7.0.63.0
avr. 07, 2016 2:25:11 PM org.apache.catalina.startup.VersionLoggerListener log
INFOS: OS Name:               Linux
avr. 07, 2016 2:25:11 PM org.apache.catalina.startup.VersionLoggerListener log
INFOS: OS Version:            3.13.0-85-generic
avr. 07, 2016 2:25:11 PM org.apache.catalina.startup.VersionLoggerListener log
INFOS: Architecture:          amd64
avr. 07, 2016 2:25:11 PM org.apache.catalina.startup.VersionLoggerListener log
INFOS: Java Home:             /usr/local/java/jdk1.8.0_65/jre
avr. 07, 2016 2:25:11 PM org.apache.catalina.startup.VersionLoggerListener log
INFOS: JVM Version:           1.8.0_65-b17
avr. 07, 2016 2:25:11 PM org.apache.catalina.startup.VersionLoggerListener log
INFOS: JVM Vendor:            Oracle Corporation
avr. 07, 2016 2:25:11 PM org.apache.catalina.startup.VersionLoggerListener log
INFOS: CATALINA_BASE:         /home/user/Archi/cookie/4A_ISA_TheCookieFactory/j2e/target/apache-tomee
avr. 07, 2016 2:25:11 PM org.apache.catalina.startup.VersionLoggerListener log
INFOS: CATALINA_HOME:         /home/user/Archi/cookie/4A_ISA_TheCookieFactory/j2e/target/apache-tomee
avr. 07, 2016 2:25:11 PM org.apache.catalina.startup.VersionLoggerListener log
INFOS: Command line argument: -XX:+HeapDumpOnOutOfMemoryError
avr. 07, 2016 2:25:11 PM org.apache.catalina.startup.VersionLoggerListener log
INFOS: Command line argument: -Dorg.apache.catalina.STRICT_SERVLET_COMPLIANCE=false
avr. 07, 2016 2:25:11 PM org.apache.catalina.startup.VersionLoggerListener log
INFOS: Command line argument: -Dopenejb.session.manager=org.apache.tomee.catalina.session.QuickSessionManager
avr. 07, 2016 2:25:11 PM org.apache.catalina.startup.VersionLoggerListener log
INFOS: Command line argument: -Dtomee.remote.support=true
avr. 07, 2016 2:25:11 PM org.apache.catalina.startup.VersionLoggerListener log
INFOS: Command line argument: -Xmx512m
avr. 07, 2016 2:25:11 PM org.apache.catalina.startup.VersionLoggerListener log
INFOS: Command line argument: -XX:PermSize=256m
avr. 07, 2016 2:25:11 PM org.apache.catalina.startup.VersionLoggerListener log
INFOS: Command line argument: -Djava.util.logging.config.file=/home/user/Archi/cookie/4A_ISA_TheCookieFactory/j2e/target/apache-tomee/conf/logging.properties
avr. 07, 2016 2:25:11 PM org.apache.catalina.startup.VersionLoggerListener log
INFOS: Command line argument: -javaagent:/home/user/Archi/cookie/4A_ISA_TheCookieFactory/j2e/target/apache-tomee/lib/openejb-javaagent.jar
avr. 07, 2016 2:25:11 PM org.apache.catalina.startup.VersionLoggerListener log
INFOS: Command line argument: -Djava.util.logging.manager=org.apache.juli.ClassLoaderLogManager
avr. 07, 2016 2:25:11 PM org.apache.catalina.startup.VersionLoggerListener log
INFOS: Command line argument: -Djava.io.tmpdir=/home/user/Archi/cookie/4A_ISA_TheCookieFactory/j2e/target/apache-tomee/temp
avr. 07, 2016 2:25:11 PM org.apache.catalina.startup.VersionLoggerListener log
INFOS: Command line argument: -Djava.endorsed.dirs=/home/user/Archi/cookie/4A_ISA_TheCookieFactory/j2e/target/apache-tomee/endorsed
avr. 07, 2016 2:25:11 PM org.apache.catalina.startup.VersionLoggerListener log
INFOS: Command line argument: -Dcatalina.base=/home/user/Archi/cookie/4A_ISA_TheCookieFactory/j2e/target/apache-tomee
avr. 07, 2016 2:25:11 PM org.apache.catalina.startup.VersionLoggerListener log
INFOS: Command line argument: -Dcatalina.home=/home/user/Archi/cookie/4A_ISA_TheCookieFactory/j2e/target/apache-tomee
avr. 07, 2016 2:25:11 PM org.apache.catalina.startup.VersionLoggerListener log
INFOS: Command line argument: -Dcatalina.ext.dirs=/home/user/Archi/cookie/4A_ISA_TheCookieFactory/j2e/target/apache-tomee/lib
avr. 07, 2016 2:25:11 PM org.apache.catalina.startup.VersionLoggerListener log
INFOS: Command line argument: -Dorg.apache.tomcat.util.http.ServerCookie.ALLOW_HTTP_SEPARATORS_IN_V0=true
avr. 07, 2016 2:25:11 PM org.apache.catalina.startup.VersionLoggerListener log
INFOS: Command line argument: -ea
avr. 07, 2016 2:25:11 PM org.apache.catalina.core.AprLifecycleListener lifecycleEvent
INFOS: The APR based Apache Tomcat Native library which allows optimal performance in production environments was not found on the java.library.path: /usr/java/packages/lib/amd64:/usr/lib64:/lib64:/lib:/usr/lib
avr. 07, 2016 2:25:11 PM org.apache.coyote.AbstractProtocol init
INFOS: Initializing ProtocolHandler ["http-bio-8080"]
avr. 07, 2016 2:25:11 PM org.apache.coyote.AbstractProtocol init
INFOS: Initializing ProtocolHandler ["ajp-bio-8009"]
avr. 07, 2016 2:25:12 PM org.apache.openejb.util.OptionsLog info
INFOS: Using 'tomee.remote.support=true'
avr. 07, 2016 2:25:12 PM org.apache.openejb.util.OptionsLog info
INFOS: Using 'openejb.jdbc.datasource-creator=org.apache.tomee.jdbc.TomEEDataSourceCreator'
avr. 07, 2016 2:25:12 PM org.apache.openejb.OpenEJB$Instance <init>
INFOS: ********************************************************************************
avr. 07, 2016 2:25:12 PM org.apache.openejb.OpenEJB$Instance <init>
INFOS: OpenEJB http://tomee.apache.org/
avr. 07, 2016 2:25:12 PM org.apache.openejb.OpenEJB$Instance <init>
INFOS: Startup: Thu Apr 07 14:25:12 CEST 2016
avr. 07, 2016 2:25:12 PM org.apache.openejb.OpenEJB$Instance <init>
INFOS: Copyright 1999-2015 (C) Apache OpenEJB/TomEE Project, All Rights Reserved.
avr. 07, 2016 2:25:12 PM org.apache.openejb.OpenEJB$Instance <init>
INFOS: Version: 4.7.3
avr. 07, 2016 2:25:12 PM org.apache.openejb.OpenEJB$Instance <init>
INFOS: Build date: 20151204
avr. 07, 2016 2:25:12 PM org.apache.openejb.OpenEJB$Instance <init>
INFOS: Build time: 06:14
avr. 07, 2016 2:25:12 PM org.apache.openejb.OpenEJB$Instance <init>
INFOS: ********************************************************************************
avr. 07, 2016 2:25:12 PM org.apache.openejb.OpenEJB$Instance <init>
INFOS: openejb.home = /home/user/Archi/cookie/4A_ISA_TheCookieFactory/j2e/target/apache-tomee
avr. 07, 2016 2:25:12 PM org.apache.openejb.OpenEJB$Instance <init>
INFOS: openejb.base = /home/user/Archi/cookie/4A_ISA_TheCookieFactory/j2e/target/apache-tomee
avr. 07, 2016 2:25:12 PM org.apache.openejb.cdi.CdiBuilder initializeOWB
INFOS: Created new singletonService org.apache.openejb.cdi.ThreadSingletonServiceImpl@ba8d91c
avr. 07, 2016 2:25:12 PM org.apache.openejb.cdi.CdiBuilder initializeOWB
INFOS: Succeeded in installing singleton service
avr. 07, 2016 2:25:12 PM org.apache.openejb.config.ConfigurationFactory init
INFOS: openejb configuration file is '/home/user/Archi/cookie/4A_ISA_TheCookieFactory/j2e/target/apache-tomee/conf/tomee.xml'
avr. 07, 2016 2:25:12 PM org.apache.openejb.config.ConfigurationFactory configureService
INFOS: Configuring Service(id=Tomcat Security Service, type=SecurityService, provider-id=Tomcat Security Service)
avr. 07, 2016 2:25:12 PM org.apache.openejb.config.ConfigurationFactory configureService
INFOS: Configuring Service(id=Default Transaction Manager, type=TransactionManager, provider-id=Default Transaction Manager)
avr. 07, 2016 2:25:12 PM org.apache.openejb.util.OptionsLog info
INFOS: Using 'openejb.system.apps=true'
avr. 07, 2016 2:25:12 PM org.apache.openejb.config.ConfigurationFactory configureApplication
INFOS: Configuring enterprise application: openejb
avr. 07, 2016 2:25:12 PM org.apache.openejb.config.InitEjbDeployments deploy
INFOS: Using openejb.deploymentId.format '{ejbName}'
avr. 07, 2016 2:25:12 PM org.apache.openejb.config.InitEjbDeployments deploy
INFOS: Auto-deploying ejb openejb/Deployer: EjbDeployment(deployment-id=openejb/Deployer)
avr. 07, 2016 2:25:12 PM org.apache.openejb.config.InitEjbDeployments deploy
INFOS: Auto-deploying ejb openejb/ConfigurationInfo: EjbDeployment(deployment-id=openejb/ConfigurationInfo)
avr. 07, 2016 2:25:12 PM org.apache.openejb.config.InitEjbDeployments deploy
INFOS: Auto-deploying ejb MEJB: EjbDeployment(deployment-id=MEJB)
avr. 07, 2016 2:25:12 PM org.apache.openejb.config.ConfigurationFactory configureService
INFOS: Configuring Service(id=Default Stateless Container, type=Container, provider-id=Default Stateless Container)
avr. 07, 2016 2:25:12 PM org.apache.openejb.config.AutoConfig createContainer
INFOS: Auto-creating a container for bean openejb/Deployer: Container(type=STATELESS, id=Default Stateless Container)
avr. 07, 2016 2:25:12 PM org.apache.openejb.config.AppInfoBuilder build
INFOS: Enterprise application "openejb" loaded.
avr. 07, 2016 2:25:12 PM org.apache.openejb.assembler.classic.Assembler createRecipe
INFOS: Creating TransactionManager(id=Default Transaction Manager)
avr. 07, 2016 2:25:12 PM org.apache.openejb.assembler.classic.Assembler createRecipe
INFOS: Creating SecurityService(id=Tomcat Security Service)
avr. 07, 2016 2:25:12 PM org.apache.openejb.assembler.classic.Assembler createRecipe
INFOS: Creating Container(id=Default Stateless Container)
avr. 07, 2016 2:25:13 PM org.apache.openejb.assembler.classic.Assembler createAppClassLoader
INFOS: Not creating another application classloader for openejb
avr. 07, 2016 2:25:13 PM org.apache.openejb.assembler.classic.Assembler createApplication
INFOS: Assembling app: openejb
avr. 07, 2016 2:25:13 PM org.apache.openejb.util.OptionsLog info
INFOS: Using 'openejb.jndiname.format={deploymentId}{interfaceType.openejbLegacyName}'
avr. 07, 2016 2:25:13 PM org.apache.openejb.assembler.classic.JndiBuilder bind
INFOS: Jndi(name=openejb/DeployerBusinessRemote) --> Ejb(deployment-id=openejb/Deployer)
avr. 07, 2016 2:25:13 PM org.apache.openejb.assembler.classic.JndiBuilder bind
INFOS: Jndi(name=global/openejb/openejb/Deployer!org.apache.openejb.assembler.Deployer) --> Ejb(deployment-id=openejb/Deployer)
avr. 07, 2016 2:25:13 PM org.apache.openejb.assembler.classic.JndiBuilder bind
INFOS: Jndi(name=global/openejb/openejb/Deployer) --> Ejb(deployment-id=openejb/Deployer)
avr. 07, 2016 2:25:13 PM org.apache.openejb.assembler.classic.JndiBuilder bind
INFOS: Jndi(name=openejb/ConfigurationInfoBusinessRemote) --> Ejb(deployment-id=openejb/ConfigurationInfo)
avr. 07, 2016 2:25:13 PM org.apache.openejb.assembler.classic.JndiBuilder bind
INFOS: Jndi(name=global/openejb/openejb/ConfigurationInfo!org.apache.openejb.assembler.classic.cmd.ConfigurationInfo) --> Ejb(deployment-id=openejb/ConfigurationInfo)
avr. 07, 2016 2:25:13 PM org.apache.openejb.assembler.classic.JndiBuilder bind
INFOS: Jndi(name=global/openejb/openejb/ConfigurationInfo) --> Ejb(deployment-id=openejb/ConfigurationInfo)
avr. 07, 2016 2:25:13 PM org.apache.openejb.assembler.classic.JndiBuilder bind
INFOS: Jndi(name=MEJB) --> Ejb(deployment-id=MEJB)
avr. 07, 2016 2:25:13 PM org.apache.openejb.assembler.classic.JndiBuilder bind
INFOS: Jndi(name=global/openejb/MEJB!javax.management.j2ee.ManagementHome) --> Ejb(deployment-id=MEJB)
avr. 07, 2016 2:25:13 PM org.apache.openejb.assembler.classic.JndiBuilder bind
INFOS: Jndi(name=global/openejb/MEJB) --> Ejb(deployment-id=MEJB)
avr. 07, 2016 2:25:13 PM org.apache.openejb.assembler.classic.Assembler startEjbs
INFOS: Created Ejb(deployment-id=MEJB, ejb-name=MEJB, container=Default Stateless Container)
avr. 07, 2016 2:25:13 PM org.apache.openejb.assembler.classic.Assembler startEjbs
INFOS: Created Ejb(deployment-id=openejb/ConfigurationInfo, ejb-name=openejb/ConfigurationInfo, container=Default Stateless Container)
avr. 07, 2016 2:25:13 PM org.apache.openejb.assembler.classic.Assembler startEjbs
INFOS: Created Ejb(deployment-id=openejb/Deployer, ejb-name=openejb/Deployer, container=Default Stateless Container)
avr. 07, 2016 2:25:13 PM org.apache.openejb.assembler.classic.Assembler startEjbs
INFOS: Started Ejb(deployment-id=MEJB, ejb-name=MEJB, container=Default Stateless Container)
avr. 07, 2016 2:25:13 PM org.apache.openejb.assembler.classic.Assembler startEjbs
INFOS: Started Ejb(deployment-id=openejb/ConfigurationInfo, ejb-name=openejb/ConfigurationInfo, container=Default Stateless Container)
avr. 07, 2016 2:25:13 PM org.apache.openejb.assembler.classic.Assembler startEjbs
INFOS: Started Ejb(deployment-id=openejb/Deployer, ejb-name=openejb/Deployer, container=Default Stateless Container)
avr. 07, 2016 2:25:13 PM org.apache.openejb.assembler.classic.Assembler deployMBean
INFOS: Deployed MBean(openejb.user.mbeans:application=openejb,group=org.apache.openejb.assembler.monitoring,name=JMXDeployer)
avr. 07, 2016 2:25:13 PM org.apache.openejb.assembler.classic.Assembler createApplication
INFOS: Deployed Application(path=openejb)
avr. 07, 2016 2:25:13 PM org.apache.openejb.server.ServiceManager initServer
INFOS: Creating ServerService(id=cxf)
avr. 07, 2016 2:25:13 PM org.apache.openejb.server.ServiceManager initServer
INFOS: Creating ServerService(id=cxf-rs)
avr. 07, 2016 2:25:13 PM org.apache.openejb.server.SimpleServiceManager start
INFOS:   ** Bound Services **
avr. 07, 2016 2:25:13 PM org.apache.openejb.server.SimpleServiceManager printRow
INFOS:   NAME                 IP              PORT  
avr. 07, 2016 2:25:13 PM org.apache.openejb.server.SimpleServiceManager start
INFOS: -------
avr. 07, 2016 2:25:13 PM org.apache.openejb.server.SimpleServiceManager start
INFOS: Ready!
avr. 07, 2016 2:25:13 PM org.apache.catalina.startup.Catalina load
INFOS: Initialization processed in 2344 ms
avr. 07, 2016 2:25:13 PM org.apache.tomee.catalina.OpenEJBNamingContextListener bindResource
INFOS: Importing a Tomcat Resource with id 'UserDatabase' of type 'org.apache.catalina.UserDatabase'.
avr. 07, 2016 2:25:13 PM org.apache.openejb.assembler.classic.Assembler createRecipe
INFOS: Creating Resource(id=UserDatabase)
avr. 07, 2016 2:25:13 PM org.apache.catalina.core.StandardService startInternal
INFOS: Démarrage du service Catalina
avr. 07, 2016 2:25:13 PM org.apache.catalina.core.StandardEngine startInternal
INFOS: Starting Servlet Engine: Apache Tomcat (TomEE)/7.0.63 (1.7.3)
avr. 07, 2016 2:25:13 PM org.apache.catalina.startup.HostConfig deployWAR
INFOS: Déploiement de l'archive /home/user/Archi/cookie/4A_ISA_TheCookieFactory/j2e/target/apache-tomee/webapps/tcf-backend.war de l'application web
avr. 07, 2016 2:25:13 PM org.apache.tomee.catalina.TomcatWebAppBuilder init
INFOS: ------------------------- localhost -> /tcf-backend
avr. 07, 2016 2:25:13 PM org.apache.openejb.util.JarExtractor extract
INFOS: Extracting jar: /home/user/Archi/cookie/4A_ISA_TheCookieFactory/j2e/target/apache-tomee/webapps/tcf-backend.war
avr. 07, 2016 2:25:13 PM org.apache.openejb.util.JarExtractor extract
INFOS: Extracted path: /home/user/Archi/cookie/4A_ISA_TheCookieFactory/j2e/target/apache-tomee/webapps/tcf-backend
avr. 07, 2016 2:25:13 PM org.apache.openejb.util.OptionsLog info
INFOS: Using 'openejb.session.manager=org.apache.tomee.catalina.session.QuickSessionManager'
avr. 07, 2016 2:25:13 PM org.apache.openejb.config.ConfigurationFactory configureApplication
INFOS: Configuring enterprise application: /home/user/Archi/cookie/4A_ISA_TheCookieFactory/j2e/target/apache-tomee/webapps/tcf-backend
avr. 07, 2016 2:25:14 PM org.apache.openejb.config.InitEjbDeployments deploy
INFOS: Auto-deploying ejb Database: EjbDeployment(deployment-id=Database)
avr. 07, 2016 2:25:14 PM org.apache.openejb.config.InitEjbDeployments deploy
INFOS: Auto-deploying ejb cart-stateless: EjbDeployment(deployment-id=cart-stateless)
avr. 07, 2016 2:25:14 PM org.apache.openejb.config.InitEjbDeployments deploy
INFOS: Auto-deploying ejb CashierBean: EjbDeployment(deployment-id=CashierBean)
avr. 07, 2016 2:25:14 PM org.apache.openejb.config.InitEjbDeployments deploy
INFOS: Auto-deploying ejb CustomerRegistryBean: EjbDeployment(deployment-id=CustomerRegistryBean)
avr. 07, 2016 2:25:14 PM org.apache.openejb.config.InitEjbDeployments deploy
INFOS: Auto-deploying ejb CartWS: EjbDeployment(deployment-id=CartWS)
avr. 07, 2016 2:25:14 PM org.apache.openejb.config.InitEjbDeployments deploy
INFOS: Auto-deploying ejb KitchenBean: EjbDeployment(deployment-id=KitchenBean)
avr. 07, 2016 2:25:14 PM org.apache.openejb.config.InitEjbDeployments deploy
INFOS: Auto-deploying ejb CustomerCareWS: EjbDeployment(deployment-id=CustomerCareWS)
avr. 07, 2016 2:25:14 PM org.apache.openejb.config.InitEjbDeployments deploy
INFOS: Auto-deploying ejb CatalogueBean: EjbDeployment(deployment-id=CatalogueBean)
avr. 07, 2016 2:25:14 PM org.apache.openejb.config.InitEjbDeployments deploy
INFOS: Auto-deploying ejb cart-stateful: EjbDeployment(deployment-id=cart-stateful)
avr. 07, 2016 2:25:14 PM org.apache.openejb.config.ConfigurationFactory configureService
INFOS: Configuring Service(id=Default Singleton Container, type=Container, provider-id=Default Singleton Container)
avr. 07, 2016 2:25:14 PM org.apache.openejb.config.AutoConfig createContainer
INFOS: Auto-creating a container for bean Database: Container(type=SINGLETON, id=Default Singleton Container)
avr. 07, 2016 2:25:14 PM org.apache.openejb.assembler.classic.Assembler createRecipe
INFOS: Creating Container(id=Default Singleton Container)
avr. 07, 2016 2:25:14 PM org.apache.openejb.config.ConfigurationFactory configureService
INFOS: Configuring Service(id=Default Stateful Container, type=Container, provider-id=Default Stateful Container)
avr. 07, 2016 2:25:14 PM org.apache.openejb.config.AutoConfig createContainer
INFOS: Auto-creating a container for bean cart-stateful: Container(type=STATEFUL, id=Default Stateful Container)
avr. 07, 2016 2:25:14 PM org.apache.openejb.assembler.classic.Assembler createRecipe
INFOS: Creating Container(id=Default Stateful Container)
avr. 07, 2016 2:25:14 PM org.apache.openejb.core.stateful.SimplePassivater init
INFOS: Using directory /home/user/Archi/cookie/4A_ISA_TheCookieFactory/j2e/target/apache-tomee/temp for stateful session passivation
avr. 07, 2016 2:25:14 PM org.apache.openejb.config.AppInfoBuilder build
INFOS: Enterprise application "/home/user/Archi/cookie/4A_ISA_TheCookieFactory/j2e/target/apache-tomee/webapps/tcf-backend" loaded.
avr. 07, 2016 2:25:14 PM org.apache.openejb.assembler.classic.Assembler createApplication
INFOS: Assembling app: /home/user/Archi/cookie/4A_ISA_TheCookieFactory/j2e/target/apache-tomee/webapps/tcf-backend
avr. 07, 2016 2:25:14 PM org.apache.openejb.assembler.classic.JndiBuilder bind
INFOS: Jndi(name=DatabaseLocalBean) --> Ejb(deployment-id=Database)
avr. 07, 2016 2:25:14 PM org.apache.openejb.assembler.classic.JndiBuilder bind
INFOS: Jndi(name=global/tcf-backend/Database!fr.unice.polytech.isa.tcf.utils.Database) --> Ejb(deployment-id=Database)
avr. 07, 2016 2:25:14 PM org.apache.openejb.assembler.classic.JndiBuilder bind
INFOS: Jndi(name=global/tcf-backend/Database) --> Ejb(deployment-id=Database)
avr. 07, 2016 2:25:14 PM org.apache.openejb.assembler.classic.JndiBuilder bind
INFOS: Jndi(name=cart-statelessLocalBean) --> Ejb(deployment-id=cart-stateless)
avr. 07, 2016 2:25:14 PM org.apache.openejb.assembler.classic.JndiBuilder bind
INFOS: Jndi(name=global/tcf-backend/cart-stateless!fr.unice.polytech.isa.tcf.components.carts.CartStatelessBean) --> Ejb(deployment-id=cart-stateless)
avr. 07, 2016 2:25:14 PM org.apache.openejb.assembler.classic.JndiBuilder bind
INFOS: Jndi(name=cart-statelessLocal) --> Ejb(deployment-id=cart-stateless)
avr. 07, 2016 2:25:14 PM org.apache.openejb.assembler.classic.JndiBuilder bind
INFOS: Jndi(name=global/tcf-backend/cart-stateless!fr.unice.polytech.isa.tcf.CartModifier) --> Ejb(deployment-id=cart-stateless)
avr. 07, 2016 2:25:14 PM org.apache.openejb.assembler.classic.JndiBuilder bind
INFOS: Jndi(name=global/tcf-backend/cart-stateless) --> Ejb(deployment-id=cart-stateless)
avr. 07, 2016 2:25:14 PM org.apache.openejb.assembler.classic.JndiBuilder bind
INFOS: Jndi(name=CashierBeanLocal) --> Ejb(deployment-id=CashierBean)
avr. 07, 2016 2:25:14 PM org.apache.openejb.assembler.classic.JndiBuilder bind
INFOS: Jndi(name=global/tcf-backend/CashierBean!fr.unice.polytech.isa.tcf.Payment) --> Ejb(deployment-id=CashierBean)
avr. 07, 2016 2:25:14 PM org.apache.openejb.assembler.classic.JndiBuilder bind
INFOS: Jndi(name=global/tcf-backend/CashierBean) --> Ejb(deployment-id=CashierBean)
avr. 07, 2016 2:25:14 PM org.apache.openejb.assembler.classic.JndiBuilder bind
INFOS: Jndi(name=CustomerRegistryBeanLocal) --> Ejb(deployment-id=CustomerRegistryBean)
avr. 07, 2016 2:25:14 PM org.apache.openejb.assembler.classic.JndiBuilder bind
INFOS: Jndi(name=global/tcf-backend/CustomerRegistryBean!fr.unice.polytech.isa.tcf.CustomerRegistration) --> Ejb(deployment-id=CustomerRegistryBean)
avr. 07, 2016 2:25:14 PM org.apache.openejb.assembler.classic.JndiBuilder bind
INFOS: Jndi(name=global/tcf-backend/CustomerRegistryBean!fr.unice.polytech.isa.tcf.CustomerFinder) --> Ejb(deployment-id=CustomerRegistryBean)
avr. 07, 2016 2:25:14 PM org.apache.openejb.assembler.classic.JndiBuilder bind
INFOS: Jndi(name=global/tcf-backend/CustomerRegistryBean) --> Ejb(deployment-id=CustomerRegistryBean)
avr. 07, 2016 2:25:14 PM org.apache.openejb.assembler.classic.JndiBuilder bind
INFOS: Jndi(name=CartWSLocal) --> Ejb(deployment-id=CartWS)
avr. 07, 2016 2:25:14 PM org.apache.openejb.assembler.classic.JndiBuilder bind
INFOS: Jndi(name=global/tcf-backend/CartWS!fr.unice.polytech.isa.tcf.webservice.CartWebService) --> Ejb(deployment-id=CartWS)
avr. 07, 2016 2:25:14 PM org.apache.openejb.assembler.classic.JndiBuilder bind
INFOS: Jndi(name=global/tcf-backend/CartWS) --> Ejb(deployment-id=CartWS)
avr. 07, 2016 2:25:14 PM org.apache.openejb.assembler.classic.JndiBuilder bind
INFOS: Jndi(name=KitchenBeanLocal) --> Ejb(deployment-id=KitchenBean)
avr. 07, 2016 2:25:14 PM org.apache.openejb.assembler.classic.JndiBuilder bind
INFOS: Jndi(name=global/tcf-backend/KitchenBean!fr.unice.polytech.isa.tcf.OrderProcessing) --> Ejb(deployment-id=KitchenBean)
avr. 07, 2016 2:25:14 PM org.apache.openejb.assembler.classic.JndiBuilder bind
INFOS: Jndi(name=global/tcf-backend/KitchenBean!fr.unice.polytech.isa.tcf.Tracker) --> Ejb(deployment-id=KitchenBean)
avr. 07, 2016 2:25:14 PM org.apache.openejb.assembler.classic.JndiBuilder bind
INFOS: Jndi(name=global/tcf-backend/KitchenBean) --> Ejb(deployment-id=KitchenBean)
avr. 07, 2016 2:25:14 PM org.apache.openejb.assembler.classic.JndiBuilder bind
INFOS: Jndi(name=CustomerCareWSLocal) --> Ejb(deployment-id=CustomerCareWS)
avr. 07, 2016 2:25:14 PM org.apache.openejb.assembler.classic.JndiBuilder bind
INFOS: Jndi(name=global/tcf-backend/CustomerCareWS!fr.unice.polytech.isa.tcf.webservice.CustomerCareService) --> Ejb(deployment-id=CustomerCareWS)
avr. 07, 2016 2:25:14 PM org.apache.openejb.assembler.classic.JndiBuilder bind
INFOS: Jndi(name=global/tcf-backend/CustomerCareWS) --> Ejb(deployment-id=CustomerCareWS)
avr. 07, 2016 2:25:14 PM org.apache.openejb.assembler.classic.JndiBuilder bind
INFOS: Jndi(name=CatalogueBeanLocal) --> Ejb(deployment-id=CatalogueBean)
avr. 07, 2016 2:25:14 PM org.apache.openejb.assembler.classic.JndiBuilder bind
INFOS: Jndi(name=global/tcf-backend/CatalogueBean!fr.unice.polytech.isa.tcf.CatalogueExploration) --> Ejb(deployment-id=CatalogueBean)
avr. 07, 2016 2:25:14 PM org.apache.openejb.assembler.classic.JndiBuilder bind
INFOS: Jndi(name=global/tcf-backend/CatalogueBean) --> Ejb(deployment-id=CatalogueBean)
avr. 07, 2016 2:25:14 PM org.apache.openejb.assembler.classic.JndiBuilder bind
INFOS: Jndi(name=cart-statefulLocalBean) --> Ejb(deployment-id=cart-stateful)
avr. 07, 2016 2:25:14 PM org.apache.openejb.assembler.classic.JndiBuilder bind
INFOS: Jndi(name=global/tcf-backend/cart-stateful!fr.unice.polytech.isa.tcf.components.carts.CartStatefulBean) --> Ejb(deployment-id=cart-stateful)
avr. 07, 2016 2:25:14 PM org.apache.openejb.assembler.classic.JndiBuilder bind
INFOS: Jndi(name=cart-statefulLocal) --> Ejb(deployment-id=cart-stateful)
avr. 07, 2016 2:25:14 PM org.apache.openejb.assembler.classic.JndiBuilder bind
INFOS: Jndi(name=global/tcf-backend/cart-stateful!fr.unice.polytech.isa.tcf.CartModifier) --> Ejb(deployment-id=cart-stateful)
avr. 07, 2016 2:25:14 PM org.apache.openejb.assembler.classic.JndiBuilder bind
INFOS: Jndi(name=global/tcf-backend/cart-stateful) --> Ejb(deployment-id=cart-stateful)
avr. 07, 2016 2:25:14 PM org.apache.openejb.cdi.CdiBuilder initSingleton
INFOS: Existing thread singleton service in SystemInstance(): org.apache.openejb.cdi.ThreadSingletonServiceImpl@ba8d91c
avr. 07, 2016 2:25:14 PM org.apache.openejb.cdi.OpenEJBLifecycle startApplication
INFOS: OpenWebBeans Container is starting...
avr. 07, 2016 2:25:14 PM org.apache.webbeans.plugins.PluginLoader startUp
INFOS: Adding OpenWebBeansPlugin : [CdiPlugin]
avr. 07, 2016 2:25:14 PM org.apache.webbeans.plugins.PluginLoader startUp
INFOS: Adding OpenWebBeansPlugin : [OpenWebBeansJsfPlugin]
avr. 07, 2016 2:25:14 PM org.apache.webbeans.config.BeansDeployer validateInjectionPoints
INFOS: All injection points were validated successfully.
avr. 07, 2016 2:25:14 PM org.apache.openejb.cdi.OpenEJBLifecycle startApplication
INFOS: OpenWebBeans Container has started, it took 101 ms.
avr. 07, 2016 2:25:14 PM org.apache.openejb.assembler.classic.Assembler startEjbs
INFOS: Created Ejb(deployment-id=CustomerRegistryBean, ejb-name=CustomerRegistryBean, container=Default Stateless Container)
avr. 07, 2016 2:25:14 PM org.apache.openejb.assembler.classic.Assembler startEjbs
INFOS: Created Ejb(deployment-id=KitchenBean, ejb-name=KitchenBean, container=Default Stateless Container)
avr. 07, 2016 2:25:14 PM org.apache.openejb.assembler.classic.Assembler startEjbs
INFOS: Created Ejb(deployment-id=CatalogueBean, ejb-name=CatalogueBean, container=Default Stateless Container)
avr. 07, 2016 2:25:14 PM org.apache.openejb.assembler.classic.Assembler startEjbs
INFOS: Created Ejb(deployment-id=CashierBean, ejb-name=CashierBean, container=Default Stateless Container)
avr. 07, 2016 2:25:14 PM org.apache.openejb.assembler.classic.Assembler startEjbs
INFOS: Created Ejb(deployment-id=cart-stateful, ejb-name=cart-stateful, container=Default Stateful Container)
avr. 07, 2016 2:25:14 PM org.apache.openejb.assembler.classic.Assembler startEjbs
INFOS: Created Ejb(deployment-id=cart-stateless, ejb-name=cart-stateless, container=Default Stateless Container)
avr. 07, 2016 2:25:14 PM org.apache.openejb.assembler.classic.Assembler startEjbs
INFOS: Created Ejb(deployment-id=CartWS, ejb-name=CartWS, container=Default Stateless Container)
avr. 07, 2016 2:25:14 PM org.apache.openejb.assembler.classic.Assembler startEjbs
INFOS: Created Ejb(deployment-id=CustomerCareWS, ejb-name=CustomerCareWS, container=Default Stateless Container)
avr. 07, 2016 2:25:14 PM org.apache.openejb.assembler.classic.Assembler startEjbs
INFOS: Created Ejb(deployment-id=Database, ejb-name=Database, container=Default Singleton Container)
avr. 07, 2016 2:25:14 PM org.apache.openejb.assembler.classic.Assembler startEjbs
INFOS: Started Ejb(deployment-id=CustomerRegistryBean, ejb-name=CustomerRegistryBean, container=Default Stateless Container)
avr. 07, 2016 2:25:14 PM org.apache.openejb.assembler.classic.Assembler startEjbs
INFOS: Started Ejb(deployment-id=KitchenBean, ejb-name=KitchenBean, container=Default Stateless Container)
avr. 07, 2016 2:25:14 PM org.apache.openejb.assembler.classic.Assembler startEjbs
INFOS: Started Ejb(deployment-id=CatalogueBean, ejb-name=CatalogueBean, container=Default Stateless Container)
avr. 07, 2016 2:25:14 PM org.apache.openejb.assembler.classic.Assembler startEjbs
INFOS: Started Ejb(deployment-id=CashierBean, ejb-name=CashierBean, container=Default Stateless Container)
avr. 07, 2016 2:25:14 PM org.apache.openejb.assembler.classic.Assembler startEjbs
INFOS: Started Ejb(deployment-id=cart-stateful, ejb-name=cart-stateful, container=Default Stateful Container)
avr. 07, 2016 2:25:14 PM org.apache.openejb.assembler.classic.Assembler startEjbs
INFOS: Started Ejb(deployment-id=cart-stateless, ejb-name=cart-stateless, container=Default Stateless Container)
avr. 07, 2016 2:25:14 PM org.apache.openejb.assembler.classic.Assembler startEjbs
INFOS: Started Ejb(deployment-id=CartWS, ejb-name=CartWS, container=Default Stateless Container)
avr. 07, 2016 2:25:14 PM org.apache.openejb.assembler.classic.Assembler startEjbs
INFOS: Started Ejb(deployment-id=CustomerCareWS, ejb-name=CustomerCareWS, container=Default Stateless Container)
avr. 07, 2016 2:25:14 PM org.apache.openejb.assembler.classic.Assembler startEjbs
INFOS: Started Ejb(deployment-id=Database, ejb-name=Database, container=Default Singleton Container)
avr. 07, 2016 2:25:15 PM org.apache.openejb.server.webservices.WsService deployApp
INFOS: Webservice(wsdl=http://localhost:8080/tcf-backend/webservices/CartWS, qname={http://www.polytech.unice.fr/si/4a/isa/tcf/cart}CartWebServiceImplService) --> Ejb(id=CartWS)
avr. 07, 2016 2:25:16 PM org.apache.openejb.server.webservices.WsService deployApp
INFOS: Webservice(wsdl=http://localhost:8080/tcf-backend/webservices/CustomerCareWS, qname={http://www.polytech.unice.fr/si/4a/isa/tcf/customer-care}CustomerCareServiceImplService) --> Ejb(id=CustomerCareWS)
avr. 07, 2016 2:25:16 PM org.apache.openejb.assembler.classic.Assembler createApplication
INFOS: Deployed Application(path=/home/user/Archi/cookie/4A_ISA_TheCookieFactory/j2e/target/apache-tomee/webapps/tcf-backend)
avr. 07, 2016 2:25:16 PM org.apache.catalina.startup.HostConfig deployWAR
INFOS: Deployment of web application archive /home/user/Archi/cookie/4A_ISA_TheCookieFactory/j2e/target/apache-tomee/webapps/tcf-backend.war has finished in 2 933 ms
avr. 07, 2016 2:25:16 PM org.apache.coyote.AbstractProtocol start
INFOS: Starting ProtocolHandler ["http-bio-8080"]
avr. 07, 2016 2:25:16 PM org.apache.coyote.AbstractProtocol start
INFOS: Starting ProtocolHandler ["ajp-bio-8009"]
avr. 07, 2016 2:25:16 PM org.apache.catalina.startup.Catalina start
INFOS: Server startup in 3037 ms
avr. 07, 2016 2:26:30 PM org.apache.cxf.phase.PhaseInterceptorChain doDefaultLogging
AVERTISSEMENT: Application {http://www.polytech.unice.fr/si/4a/isa/tcf/cart}CartWebServiceImplService#{http://webservice.tcf.isa.polytech.unice.fr/}getCustomerCartContents has thrown exception, unwinding now
org.apache.cxf.interceptor.Fault: null while invoking public abstract java.util.Set fr.unice.polytech.isa.tcf.webservice.CartWebService.getCustomerCartContents(java.lang.String) throws fr.unice.polytech.isa.tcf.exceptions.UnknownCustomerException with params [john].
	at org.apache.cxf.service.invoker.AbstractInvoker.createFault(AbstractInvoker.java:166)
	at org.apache.cxf.jaxws.AbstractJAXWSMethodInvoker.createFault(AbstractJAXWSMethodInvoker.java:213)
	at org.apache.openejb.server.cxf.ejb.EjbMethodInvoker.preEjbInvoke(EjbMethodInvoker.java:147)
	at org.apache.openejb.server.cxf.ejb.EjbMethodInvoker.invoke(EjbMethodInvoker.java:73)
	at org.apache.cxf.service.invoker.AbstractInvoker.invoke(AbstractInvoker.java:75)
	at org.apache.cxf.interceptor.ServiceInvokerInterceptor$1.run(ServiceInvokerInterceptor.java:57)
	at java.util.concurrent.Executors$RunnableAdapter.call(Executors.java:511)
	at java.util.concurrent.FutureTask.run(FutureTask.java:266)
	at org.apache.cxf.workqueue.SynchronousExecutor.execute(SynchronousExecutor.java:37)
	at org.apache.cxf.interceptor.ServiceInvokerInterceptor.handleMessage(ServiceInvokerInterceptor.java:106)
	at org.apache.cxf.phase.PhaseInterceptorChain.doIntercept(PhaseInterceptorChain.java:263)
	at org.apache.cxf.transport.ChainInitiationObserver.onMessage(ChainInitiationObserver.java:121)
	at org.apache.cxf.transport.http.AbstractHTTPDestination.invoke(AbstractHTTPDestination.java:240)
	at org.apache.openejb.server.cxf.CxfWsContainer.onMessage(CxfWsContainer.java:89)
	at org.apache.openejb.server.webservices.WsServlet.service(WsServlet.java:98)
	at org.apache.catalina.core.ApplicationFilterChain.internalDoFilter(ApplicationFilterChain.java:303)
	at org.apache.catalina.core.ApplicationFilterChain.doFilter(ApplicationFilterChain.java:208)
	at org.apache.tomcat.websocket.server.WsFilter.doFilter(WsFilter.java:52)
	at org.apache.catalina.core.ApplicationFilterChain.internalDoFilter(ApplicationFilterChain.java:241)
	at org.apache.catalina.core.ApplicationFilterChain.doFilter(ApplicationFilterChain.java:208)
	at org.apache.catalina.core.StandardWrapperValve.invoke(StandardWrapperValve.java:220)
	at org.apache.catalina.core.StandardContextValve.invoke(StandardContextValve.java:122)
	at org.apache.tomee.catalina.OpenEJBValve.invoke(OpenEJBValve.java:44)
	at org.apache.catalina.authenticator.AuthenticatorBase.invoke(AuthenticatorBase.java:505)
	at org.apache.catalina.core.StandardHostValve.invoke(StandardHostValve.java:170)
	at org.apache.catalina.valves.ErrorReportValve.invoke(ErrorReportValve.java:103)
	at org.apache.catalina.valves.AccessLogValve.invoke(AccessLogValve.java:957)
	at org.apache.catalina.core.StandardEngineValve.invoke(StandardEngineValve.java:116)
	at org.apache.catalina.connector.CoyoteAdapter.service(CoyoteAdapter.java:423)
	at org.apache.coyote.http11.AbstractHttp11Processor.process(AbstractHttp11Processor.java:1079)
	at org.apache.coyote.AbstractProtocol$AbstractConnectionHandler.process(AbstractProtocol.java:620)
	at org.apache.tomcat.util.net.JIoEndpoint$SocketProcessor.run(JIoEndpoint.java:316)
	at java.util.concurrent.ThreadPoolExecutor.runWorker(ThreadPoolExecutor.java:1142)
	at java.util.concurrent.ThreadPoolExecutor$Worker.run(ThreadPoolExecutor.java:617)
	at org.apache.tomcat.util.threads.TaskThread$WrappingRunnable.run(TaskThread.java:61)
	at java.lang.Thread.run(Thread.java:745)
Caused by: fr.unice.polytech.isa.tcf.exceptions.UnknownCustomerException
	at fr.unice.polytech.isa.tcf.webservice.CartWebServiceImpl.readCustomer(CartWebServiceImpl.java:51)
	at fr.unice.polytech.isa.tcf.webservice.CartWebServiceImpl.getCustomerCartContents(CartWebServiceImpl.java:38)
	at sun.reflect.NativeMethodAccessorImpl.invoke0(Native Method)
	at sun.reflect.NativeMethodAccessorImpl.invoke(NativeMethodAccessorImpl.java:62)
	at sun.reflect.DelegatingMethodAccessorImpl.invoke(DelegatingMethodAccessorImpl.java:43)
	at java.lang.reflect.Method.invoke(Method.java:497)
	at org.apache.openejb.core.interceptor.ReflectionInvocationContext$Invocation.invoke(ReflectionInvocationContext.java:192)
	at org.apache.openejb.core.interceptor.ReflectionInvocationContext.proceed(ReflectionInvocationContext.java:173)
	at fr.unice.polytech.isa.tcf.interceptors.Logger.methodLogger(Logger.java:14)
	at sun.reflect.NativeMethodAccessorImpl.invoke0(Native Method)
	at sun.reflect.NativeMethodAccessorImpl.invoke(NativeMethodAccessorImpl.java:62)
	at sun.reflect.DelegatingMethodAccessorImpl.invoke(DelegatingMethodAccessorImpl.java:43)
	at java.lang.reflect.Method.invoke(Method.java:497)
	at org.apache.openejb.core.interceptor.ReflectionInvocationContext$Invocation.invoke(ReflectionInvocationContext.java:192)
	at org.apache.openejb.core.interceptor.ReflectionInvocationContext.proceed(ReflectionInvocationContext.java:173)
	at org.apache.openejb.monitoring.StatsInterceptor.record(StatsInterceptor.java:181)
	at org.apache.openejb.monitoring.StatsInterceptor.invoke(StatsInterceptor.java:100)
	at sun.reflect.NativeMethodAccessorImpl.invoke0(Native Method)
	at sun.reflect.NativeMethodAccessorImpl.invoke(NativeMethodAccessorImpl.java:62)
	at sun.reflect.DelegatingMethodAccessorImpl.invoke(DelegatingMethodAccessorImpl.java:43)
	at java.lang.reflect.Method.invoke(Method.java:497)
	at org.apache.openejb.core.interceptor.ReflectionInvocationContext$Invocation.invoke(ReflectionInvocationContext.java:192)
	at org.apache.openejb.core.interceptor.ReflectionInvocationContext.proceed(ReflectionInvocationContext.java:173)
	at org.apache.openejb.server.cxf.ejb.EjbMethodInvoker.performInvocation(EjbMethodInvoker.java:86)
	at org.apache.openejb.server.cxf.ejb.EjbMethodInvoker.directEjbInvoke(EjbMethodInvoker.java:199)
	at org.apache.openejb.server.cxf.ejb.EjbInterceptor.intercept(EjbInterceptor.java:90)
	at sun.reflect.NativeMethodAccessorImpl.invoke0(Native Method)
	at sun.reflect.NativeMethodAccessorImpl.invoke(NativeMethodAccessorImpl.java:62)
	at sun.reflect.DelegatingMethodAccessorImpl.invoke(DelegatingMethodAccessorImpl.java:43)
	at java.lang.reflect.Method.invoke(Method.java:497)
	at org.apache.openejb.core.interceptor.ReflectionInvocationContext$Invocation.invoke(ReflectionInvocationContext.java:192)
	at org.apache.openejb.core.interceptor.ReflectionInvocationContext.proceed(ReflectionInvocationContext.java:173)
	at org.apache.openejb.core.interceptor.InterceptorStack.invoke(InterceptorStack.java:97)
	at org.apache.openejb.core.stateless.StatelessContainer.invokeWebService(StatelessContainer.java:301)
	at org.apache.openejb.core.stateless.StatelessContainer._invoke(StatelessContainer.java:222)
	at org.apache.openejb.core.stateless.StatelessContainer.invoke(StatelessContainer.java:194)
	at org.apache.openejb.server.cxf.ejb.EjbMethodInvoker.preEjbInvoke(EjbMethodInvoker.java:120)
	... 33 more

avr. 07, 2016 2:29:12 PM org.apache.coyote.AbstractProtocol pause
INFOS: Pausing ProtocolHandler ["http-bio-8080"]
avr. 07, 2016 2:29:12 PM org.apache.catalina.core.StandardServer await
INFOS: A valid shutdown command was received via the shutdown port. Stopping the Server instance.
avr. 07, 2016 2:29:12 PM org.apache.coyote.AbstractProtocol pause
INFOS: Pausing ProtocolHandler ["ajp-bio-8009"]
avr. 07, 2016 2:29:12 PM org.apache.catalina.core.StandardService stopInternal
INFOS: Arrêt du service Catalina
avr. 07, 2016 2:29:12 PM org.apache.openejb.assembler.classic.Assembler destroyApplication
INFOS: Undeploying app: /home/user/Archi/cookie/4A_ISA_TheCookieFactory/j2e/target/apache-tomee/webapps/tcf-backend
avr. 07, 2016 2:29:12 PM org.apache.catalina.loader.WebappClassLoader checkThreadLocalMapForLeaks
GRAVE: The web application [/tcf-backend] created a ThreadLocal with key of type [com.sun.xml.bind.v2.ClassFactory$1] (value [com.sun.xml.bind.v2.ClassFactory$1@2edd589e]) and a value of type [java.util.WeakHashMap] (value [{class fr.unice.polytech.isa.tcf.webservice.jaxws_asm.GetCustomerCartContents=java.lang.ref.WeakReference@65335dba}]) but failed to remove it when the web application was stopped. Threads are going to be renewed over time to try and avoid a probable memory leak.
avr. 07, 2016 2:29:12 PM org.apache.catalina.loader.WebappClassLoader checkThreadLocalMapForLeaks
GRAVE: The web application [/tcf-backend] created a ThreadLocal with key of type [com.sun.xml.bind.v2.ClassFactory$1] (value [com.sun.xml.bind.v2.ClassFactory$1@2edd589e]) and a value of type [java.util.WeakHashMap] (value [{class fr.unice.polytech.isa.tcf.webservice.jaxws_asm.Register=java.lang.ref.WeakReference@6766d363}]) but failed to remove it when the web application was stopped. Threads are going to be renewed over time to try and avoid a probable memory leak.
avr. 07, 2016 2:29:12 PM org.apache.coyote.AbstractProtocol stop
INFOS: Stopping ProtocolHandler ["http-bio-8080"]
avr. 07, 2016 2:29:12 PM org.apache.coyote.AbstractProtocol stop
INFOS: Stopping ProtocolHandler ["ajp-bio-8009"]
avr. 07, 2016 2:29:12 PM org.apache.openejb.server.SimpleServiceManager stop
INFOS: Stopping server services
avr. 07, 2016 2:29:12 PM org.apache.openejb.assembler.classic.Assembler destroyApplication
INFOS: Undeploying app: openejb
avr. 07, 2016 2:29:12 PM org.apache.coyote.AbstractProtocol destroy
INFOS: Destroying ProtocolHandler ["http-bio-8080"]
avr. 07, 2016 2:29:12 PM org.apache.coyote.AbstractProtocol destroy
INFOS: Destroying ProtocolHandler ["ajp-bio-8009"]
