/*C6*/SET SCHEMA PUBLIC
DELETE FROM OPENJPA_SEQUENCE_TABLE WHERE ID=0
INSERT INTO OPENJPA_SEQUENCE_TABLE VALUES(0,151)
COMMIT
/*C5*/SET SCHEMA PUBLIC
INSERT INTO CUSTOMER VALUES(101,'8969837777','abc')
COMMIT
INSERT INTO CUSTOMER_CART VALUES(101,'CHOCOLALALA',4)
COMMIT
/*C6*/DELETE FROM OPENJPA_SEQUENCE_TABLE WHERE ID=0
INSERT INTO OPENJPA_SEQUENCE_TABLE VALUES(0,201)
COMMIT
/*C5*/DELETE FROM CUSTOMER_CART WHERE CUSTOMER_ID=101 AND COOKIE='CHOCOLALALA' AND QUANTITY=4
INSERT INTO ORDERS VALUES(151,'IN_PROGRESS',101)
INSERT INTO ORDER_ITEMS VALUES(151,'CHOCOLALALA',4)
COMMIT
INSERT INTO ORDERS VALUES(152,'IN_PROGRESS',101)
INSERT INTO ORDER_ITEMS VALUES(152,'CHOCOLALALA',4)
COMMIT
DISCONNECT
/*C6*/DISCONNECT
